<?xml version="1.0" encoding="UTF-8"?>
<testng-results ignored="0" total="93" passed="10" failed="83" skipped="0">
  <reporter-output>
  </reporter-output>
  <suite started-at="2023-09-23T12:16:29 EDT" name="Default suite" finished-at="2023-09-23T12:21:20 EDT" duration-ms="290863">
    <groups>
      <group name="cucumber">
        <method signature="AbstractTestNGCucumberTests.runScenario(io.cucumber.testng.PickleWrapper,io.cucumber.testng.FeatureWrapper)[pri:0, instance:api.runner.TestRunner@304bb45b]" name="runScenario" class="io.cucumber.testng.AbstractTestNGCucumberTests"/>
      </group> <!-- cucumber -->
    </groups>
    <test started-at="2023-09-23T12:16:29 EDT" name="Default test" finished-at="2023-09-23T12:21:20 EDT" duration-ms="290863">
      <class name="api.runner.TestRunner">
        <test-method is-config="true" signature="setUpClass(org.testng.ITestContext)[pri:0, instance:api.runner.TestRunner@304bb45b]" started-at="2023-09-23T12:16:29 EDT" name="setUpClass" finished-at="2023-09-23T12:16:30 EDT" duration-ms="1591" status="PASS">
          <params>
            <param index="0">
              <value>
                <![CDATA[org.testng.TestRunner@134ccb03]]>
              </value>
            </param>
          </params>
          <reporter-output>
          </reporter-output>
        </test-method> <!-- setUpClass -->
        <test-method signature="runScenario(io.cucumber.testng.PickleWrapper,io.cucumber.testng.FeatureWrapper)[pri:0, instance:api.runner.TestRunner@304bb45b]" started-at="2023-09-23T12:16:30 EDT" name="runScenario" description="Runs Cucumber Scenarios" data-provider="scenarios" finished-at="2023-09-23T12:16:32 EDT" duration-ms="1183" status="FAIL">
          <params>
            <param index="0">
              <value>
                <![CDATA["Check if user able to create a program with valid endpoint and request body in Program module(non existing values)"]]>
              </value>
            </param>
            <param index="1">
              <value>
                <![CDATA["CURD Operations for Program Module"]]>
              </value>
            </param>
          </params>
          <exception class="java.io.FileNotFoundException">
            <message>
              <![CDATA[C:\Users\User\eclipse-workspace\Team12-Api-CodeWarriors\src\test\resources\testdata\Team12-APICodeWarriors_TestData.xlsx (The system cannot find the path specified)]]>
            </message>
            <full-stacktrace>
              <![CDATA[java.io.FileNotFoundException: C:\Users\User\eclipse-workspace\Team12-Api-CodeWarriors\src\test\resources\testdata\Team12-APICodeWarriors_TestData.xlsx (The system cannot find the path specified)
at java.base/java.io.FileInputStream.open0(Native Method)
at java.base/java.io.FileInputStream.open(FileInputStream.java:216)
at java.base/java.io.FileInputStream.<init>(FileInputStream.java:157)
at java.base/java.io.FileInputStream.<init>(FileInputStream.java:111)
at api.utilities.XLUtility.getRowCount(XLUtility.java:31)
at api.stepdefinitions.Program_Stepdefinition.getAllData(Program_Stepdefinition.java:517)
at api.stepdefinitions.Program_Stepdefinition.user_sends_https_request_and_request_body_for_progam_module_from_excel_and(Program_Stepdefinition.java:83)
at ✽.User sends HTTPS Request and request Body for Progam Module from excel "ProgramModule" and 1(file:///C:/Users/kodai/eclipse-workspace/RestAssured_Project/src/test/resources/features/1_Program.feature:7)
]]>
            </full-stacktrace>
          </exception> <!-- java.io.FileNotFoundException -->
          <reporter-output>
          </reporter-output>
        </test-method> <!-- runScenario -->
        <test-method signature="runScenario(io.cucumber.testng.PickleWrapper,io.cucumber.testng.FeatureWrapper)[pri:0, instance:api.runner.TestRunner@304bb45b]" started-at="2023-09-23T12:16:32 EDT" name="runScenario" description="Runs Cucumber Scenarios" data-provider="scenarios" finished-at="2023-09-23T12:16:39 EDT" duration-ms="7796" status="FAIL">
          <params>
            <param index="0">
              <value>
                <![CDATA["Check if user able to create a program with valid endpoint and request body (existing values in Program Name)"]]>
              </value>
            </param>
            <param index="1">
              <value>
                <![CDATA["CURD Operations for Program Module"]]>
              </value>
            </param>
          </params>
          <exception class="java.lang.AssertionError">
            <message>
              <![CDATA[expected [400] but found [503]]]>
            </message>
            <full-stacktrace>
              <![CDATA[java.lang.AssertionError: expected [400] but found [503]
at org.testng.Assert.fail(Assert.java:110)
at org.testng.Assert.failNotEquals(Assert.java:1577)
at org.testng.Assert.assertEqualsImpl(Assert.java:149)
at org.testng.Assert.assertEquals(Assert.java:131)
at org.testng.Assert.assertEquals(Assert.java:1418)
at org.testng.Assert.assertEquals(Assert.java:1382)
at org.testng.Assert.assertEquals(Assert.java:1428)
at api.stepdefinitions.Program_Stepdefinition.user_receives_bad_request_status_with_message_and_boolean_success_details_for_program_module(Program_Stepdefinition.java:134)
at ✽.User receives 400 Bad Request Status with message and boolean success details for program module(file:///C:/Users/kodai/eclipse-workspace/RestAssured_Project/src/test/resources/features/1_Program.feature:18)
]]>
            </full-stacktrace>
          </exception> <!-- java.lang.AssertionError -->
          <reporter-output>
          </reporter-output>
        </test-method> <!-- runScenario -->
        <test-method signature="runScenario(io.cucumber.testng.PickleWrapper,io.cucumber.testng.FeatureWrapper)[pri:0, instance:api.runner.TestRunner@304bb45b]" started-at="2023-09-23T12:16:39 EDT" name="runScenario" description="Runs Cucumber Scenarios" data-provider="scenarios" finished-at="2023-09-23T12:16:39 EDT" duration-ms="78" status="FAIL">
          <params>
            <param index="0">
              <value>
                <![CDATA["Check if user able to create a program missing mandatory fields in request body"]]>
              </value>
            </param>
            <param index="1">
              <value>
                <![CDATA["CURD Operations for Program Module"]]>
              </value>
            </param>
          </params>
          <exception class="java.io.FileNotFoundException">
            <message>
              <![CDATA[C:\Users\User\eclipse-workspace\Team12-Api-CodeWarriors\src\test\resources\testdata\Team12-APICodeWarriors_TestData.xlsx (The system cannot find the path specified)]]>
            </message>
            <full-stacktrace>
              <![CDATA[java.io.FileNotFoundException: C:\Users\User\eclipse-workspace\Team12-Api-CodeWarriors\src\test\resources\testdata\Team12-APICodeWarriors_TestData.xlsx (The system cannot find the path specified)
at java.base/java.io.FileInputStream.open0(Native Method)
at java.base/java.io.FileInputStream.open(FileInputStream.java:216)
at java.base/java.io.FileInputStream.<init>(FileInputStream.java:157)
at java.base/java.io.FileInputStream.<init>(FileInputStream.java:111)
at api.utilities.XLUtility.getRowCount(XLUtility.java:31)
at api.stepdefinitions.Program_Stepdefinition.getAllData(Program_Stepdefinition.java:517)
at api.stepdefinitions.Program_Stepdefinition.user_sends_https_request_and_request_body_for_progam_module_from_excel_and_with_missing_mandatory_fields(Program_Stepdefinition.java:141)
at ✽.User sends HTTPS Request and request Body for Progam Module from excel "ProgramModule" and 3 with missing mandatory fields(file:///C:/Users/kodai/eclipse-workspace/RestAssured_Project/src/test/resources/features/1_Program.feature:28)
]]>
            </full-stacktrace>
          </exception> <!-- java.io.FileNotFoundException -->
          <reporter-output>
          </reporter-output>
        </test-method> <!-- runScenario -->
        <test-method signature="runScenario(io.cucumber.testng.PickleWrapper,io.cucumber.testng.FeatureWrapper)[pri:0, instance:api.runner.TestRunner@304bb45b]" started-at="2023-09-23T12:16:39 EDT" name="runScenario" description="Runs Cucumber Scenarios" data-provider="scenarios" finished-at="2023-09-23T12:16:45 EDT" duration-ms="5257" status="FAIL">
          <params>
            <param index="0">
              <value>
                <![CDATA["Check if user able to retrieve all programs with valid LMS API for program module"]]>
              </value>
            </param>
            <param index="1">
              <value>
                <![CDATA["CURD Operations for Program Module"]]>
              </value>
            </param>
          </params>
          <exception class="java.lang.AssertionError">
            <message>
              <![CDATA[expected [200] but found [503]]]>
            </message>
            <full-stacktrace>
              <![CDATA[java.lang.AssertionError: expected [200] but found [503]
at org.testng.Assert.fail(Assert.java:110)
at org.testng.Assert.failNotEquals(Assert.java:1577)
at org.testng.Assert.assertEqualsImpl(Assert.java:149)
at org.testng.Assert.assertEquals(Assert.java:131)
at org.testng.Assert.assertEquals(Assert.java:1418)
at org.testng.Assert.assertEquals(Assert.java:1382)
at org.testng.Assert.assertEquals(Assert.java:1428)
at api.stepdefinitions.Program_Stepdefinition.user_receives_ok_status_with_response_body_for_program_module(Program_Stepdefinition.java:175)
at ✽.User receives 200 OK Status with response body for program module(file:///C:/Users/kodai/eclipse-workspace/RestAssured_Project/src/test/resources/features/1_Program.feature:40)
]]>
            </full-stacktrace>
          </exception> <!-- java.lang.AssertionError -->
          <reporter-output>
          </reporter-output>
        </test-method> <!-- runScenario -->
        <test-method signature="runScenario(io.cucumber.testng.PickleWrapper,io.cucumber.testng.FeatureWrapper)[pri:0, instance:api.runner.TestRunner@304bb45b]" started-at="2023-09-23T12:16:45 EDT" name="runScenario" description="Runs Cucumber Scenarios" data-provider="scenarios" finished-at="2023-09-23T12:16:50 EDT" duration-ms="5253" status="FAIL">
          <params>
            <param index="0">
              <value>
                <![CDATA["Check if user able to retrieve a program with valid program ID for program module"]]>
              </value>
            </param>
            <param index="1">
              <value>
                <![CDATA["CURD Operations for Program Module"]]>
              </value>
            </param>
          </params>
          <exception class="java.lang.AssertionError">
            <message>
              <![CDATA[expected [200] but found [503]]]>
            </message>
            <full-stacktrace>
              <![CDATA[java.lang.AssertionError: expected [200] but found [503]
at org.testng.Assert.fail(Assert.java:110)
at org.testng.Assert.failNotEquals(Assert.java:1577)
at org.testng.Assert.assertEqualsImpl(Assert.java:149)
at org.testng.Assert.assertEquals(Assert.java:131)
at org.testng.Assert.assertEquals(Assert.java:1418)
at org.testng.Assert.assertEquals(Assert.java:1382)
at org.testng.Assert.assertEquals(Assert.java:1428)
at api.stepdefinitions.Program_Stepdefinition.user_receives_ok_status_with_response_body_for_program_module(Program_Stepdefinition.java:175)
at ✽.User receives 200 OK Status with response body for program module(file:///C:/Users/kodai/eclipse-workspace/RestAssured_Project/src/test/resources/features/1_Program.feature:47)
]]>
            </full-stacktrace>
          </exception> <!-- java.lang.AssertionError -->
          <reporter-output>
          </reporter-output>
        </test-method> <!-- runScenario -->
        <test-method signature="runScenario(io.cucumber.testng.PickleWrapper,io.cucumber.testng.FeatureWrapper)[pri:0, instance:api.runner.TestRunner@304bb45b]" started-at="2023-09-23T12:16:50 EDT" name="runScenario" description="Runs Cucumber Scenarios" data-provider="scenarios" finished-at="2023-09-23T12:16:55 EDT" duration-ms="5228" status="FAIL">
          <params>
            <param index="0">
              <value>
                <![CDATA["Check if user able to retrieve a program with valid program ID for program module"]]>
              </value>
            </param>
            <param index="1">
              <value>
                <![CDATA["CURD Operations for Program Module"]]>
              </value>
            </param>
          </params>
          <exception class="java.lang.AssertionError">
            <message>
              <![CDATA[expected [404] but found [503]]]>
            </message>
            <full-stacktrace>
              <![CDATA[java.lang.AssertionError: expected [404] but found [503]
at org.testng.Assert.fail(Assert.java:110)
at org.testng.Assert.failNotEquals(Assert.java:1577)
at org.testng.Assert.assertEqualsImpl(Assert.java:149)
at org.testng.Assert.assertEquals(Assert.java:131)
at org.testng.Assert.assertEquals(Assert.java:1418)
at org.testng.Assert.assertEquals(Assert.java:1382)
at org.testng.Assert.assertEquals(Assert.java:1428)
at api.stepdefinitions.Program_Stepdefinition.user_receives_not_found_status_with_message_and_boolean_success_details_for_program_module(Program_Stepdefinition.java:232)
at ✽.User receives 404 Not Found Status with message and boolean success details for program module(file:///C:/Users/kodai/eclipse-workspace/RestAssured_Project/src/test/resources/features/1_Program.feature:53)
]]>
            </full-stacktrace>
          </exception> <!-- java.lang.AssertionError -->
          <reporter-output>
          </reporter-output>
        </test-method> <!-- runScenario -->
        <test-method signature="runScenario(io.cucumber.testng.PickleWrapper,io.cucumber.testng.FeatureWrapper)[pri:0, instance:api.runner.TestRunner@304bb45b]" started-at="2023-09-23T12:16:55 EDT" name="runScenario" description="Runs Cucumber Scenarios" data-provider="scenarios" finished-at="2023-09-23T12:17:00 EDT" duration-ms="5223" status="FAIL">
          <params>
            <param index="0">
              <value>
                <![CDATA["Check if user able to update a program with valid programID and mandatory request body for Program module"]]>
              </value>
            </param>
            <param index="1">
              <value>
                <![CDATA["CURD Operations for Program Module"]]>
              </value>
            </param>
          </params>
          <exception class="java.lang.AssertionError">
            <message>
              <![CDATA[expected [200] but found [503]]]>
            </message>
            <full-stacktrace>
              <![CDATA[java.lang.AssertionError: expected [200] but found [503]
at org.testng.Assert.fail(Assert.java:110)
at org.testng.Assert.failNotEquals(Assert.java:1577)
at org.testng.Assert.assertEqualsImpl(Assert.java:149)
at org.testng.Assert.assertEquals(Assert.java:131)
at org.testng.Assert.assertEquals(Assert.java:1418)
at org.testng.Assert.assertEquals(Assert.java:1382)
at org.testng.Assert.assertEquals(Assert.java:1428)
at api.stepdefinitions.Program_Stepdefinition.user_receives_ok_status_with_updated_value_in_response_body_for_program_module(Program_Stepdefinition.java:258)
at ✽.User receives 200 OK Status with updated value in response body for program module(file:///C:/Users/kodai/eclipse-workspace/RestAssured_Project/src/test/resources/features/1_Program.feature:62)
]]>
            </full-stacktrace>
          </exception> <!-- java.lang.AssertionError -->
          <reporter-output>
          </reporter-output>
        </test-method> <!-- runScenario -->
        <test-method signature="runScenario(io.cucumber.testng.PickleWrapper,io.cucumber.testng.FeatureWrapper)[pri:0, instance:api.runner.TestRunner@304bb45b]" started-at="2023-09-23T12:17:00 EDT" name="runScenario" description="Runs Cucumber Scenarios" data-provider="scenarios" finished-at="2023-09-23T12:17:01 EDT" duration-ms="44" status="FAIL">
          <params>
            <param index="0">
              <value>
                <![CDATA["Check if user able to update a program with valid programName and mandatory request body for Program module"]]>
              </value>
            </param>
            <param index="1">
              <value>
                <![CDATA["CURD Operations for Program Module"]]>
              </value>
            </param>
          </params>
          <exception class="java.lang.IllegalArgumentException">
            <message>
              <![CDATA[parameterValue cannot be null]]>
            </message>
            <full-stacktrace>
              <![CDATA[java.lang.IllegalArgumentException: parameterValue cannot be null
at java.base/jdk.internal.reflect.NativeConstructorAccessorImpl.newInstance0(Native Method)
at java.base/jdk.internal.reflect.NativeConstructorAccessorImpl.newInstance(NativeConstructorAccessorImpl.java:77)
at java.base/jdk.internal.reflect.DelegatingConstructorAccessorImpl.newInstance(DelegatingConstructorAccessorImpl.java:45)
at java.base/java.lang.reflect.Constructor.newInstanceWithCaller(Constructor.java:499)
at java.base/java.lang.reflect.Constructor.newInstance(Constructor.java:480)
at org.codehaus.groovy.reflection.CachedConstructor.invoke(CachedConstructor.java:73)
at org.codehaus.groovy.reflection.CachedConstructor.doConstructorInvoke(CachedConstructor.java:60)
at org.codehaus.groovy.runtime.callsite.ConstructorSite$ConstructorSiteNoUnwrap.callConstructor(ConstructorSite.java:86)
at org.codehaus.groovy.runtime.callsite.CallSiteArray.defaultCallConstructor(CallSiteArray.java:57)
at org.codehaus.groovy.runtime.callsite.AbstractCallSite.callConstructor(AbstractCallSite.java:263)
at org.codehaus.groovy.runtime.callsite.AbstractCallSite.callConstructor(AbstractCallSite.java:277)
at io.restassured.internal.common.assertion.AssertParameter.notNull(AssertParameter.groovy:26)
at io.restassured.internal.common.assertion.AssertParameter$notNull.callStatic(Unknown Source)
at org.codehaus.groovy.runtime.callsite.CallSiteArray.defaultCallStatic(CallSiteArray.java:53)
at io.restassured.internal.common.assertion.AssertParameter$notNull.callStatic(Unknown Source)
at io.restassured.internal.RequestSpecificationImpl.pathParam(RequestSpecificationImpl.groovy:515)
at api.stepdefinitions.Program_Stepdefinition.user_sends_https_request_and_request_body_with_mandatory_fields_program_description_program_name_program_status(Program_Stepdefinition.java:275)
at ✽.User sends HTTPS Request  and  request Body with mandatory fields. (program Description , program Name, program status)(file:///C:/Users/kodai/eclipse-workspace/RestAssured_Project/src/test/resources/features/1_Program.feature:71)
]]>
            </full-stacktrace>
          </exception> <!-- java.lang.IllegalArgumentException -->
          <reporter-output>
          </reporter-output>
        </test-method> <!-- runScenario -->
        <test-method signature="runScenario(io.cucumber.testng.PickleWrapper,io.cucumber.testng.FeatureWrapper)[pri:0, instance:api.runner.TestRunner@304bb45b]" started-at="2023-09-23T12:17:01 EDT" name="runScenario" description="Runs Cucumber Scenarios" data-provider="scenarios" finished-at="2023-09-23T12:17:01 EDT" duration-ms="39" status="FAIL">
          <params>
            <param index="0">
              <value>
                <![CDATA["Check if user able to update a program  missing mandatory fields in request body"]]>
              </value>
            </param>
            <param index="1">
              <value>
                <![CDATA["CURD Operations for Program Module"]]>
              </value>
            </param>
          </params>
          <exception class="java.io.FileNotFoundException">
            <message>
              <![CDATA[C:\Users\User\eclipse-workspace\Team12-Api-CodeWarriors\src\test\resources\testdata\Team12-APICodeWarriors_TestData.xlsx (The system cannot find the path specified)]]>
            </message>
            <full-stacktrace>
              <![CDATA[java.io.FileNotFoundException: C:\Users\User\eclipse-workspace\Team12-Api-CodeWarriors\src\test\resources\testdata\Team12-APICodeWarriors_TestData.xlsx (The system cannot find the path specified)
at java.base/java.io.FileInputStream.open0(Native Method)
at java.base/java.io.FileInputStream.open(FileInputStream.java:216)
at java.base/java.io.FileInputStream.<init>(FileInputStream.java:157)
at java.base/java.io.FileInputStream.<init>(FileInputStream.java:111)
at api.utilities.XLUtility.getRowCount(XLUtility.java:31)
at api.stepdefinitions.Program_Stepdefinition.getAllData(Program_Stepdefinition.java:517)
at api.stepdefinitions.Program_Stepdefinition.user_sends_https_request_and_request_body_missing_mandatory_fields_from_excel_and(Program_Stepdefinition.java:294)
at ✽.User sends HTTPS Request  and request Body missing mandatory fields from excel "ProgramModule" and 8(file:///C:/Users/kodai/eclipse-workspace/RestAssured_Project/src/test/resources/features/1_Program.feature:80)
]]>
            </full-stacktrace>
          </exception> <!-- java.io.FileNotFoundException -->
          <reporter-output>
          </reporter-output>
        </test-method> <!-- runScenario -->
        <test-method signature="runScenario(io.cucumber.testng.PickleWrapper,io.cucumber.testng.FeatureWrapper)[pri:0, instance:api.runner.TestRunner@304bb45b]" started-at="2023-09-23T12:17:01 EDT" name="runScenario" description="Runs Cucumber Scenarios" data-provider="scenarios" finished-at="2023-09-23T12:17:01 EDT" duration-ms="34" status="FAIL">
          <params>
            <param index="0">
              <value>
                <![CDATA["Check if user able to update a program with invalid programID and mandatory request body"]]>
              </value>
            </param>
            <param index="1">
              <value>
                <![CDATA["CURD Operations for Program Module"]]>
              </value>
            </param>
          </params>
          <exception class="java.io.FileNotFoundException">
            <message>
              <![CDATA[C:\Users\User\eclipse-workspace\Team12-Api-CodeWarriors\src\test\resources\testdata\Team12-APICodeWarriors_TestData.xlsx (The system cannot find the path specified)]]>
            </message>
            <full-stacktrace>
              <![CDATA[java.io.FileNotFoundException: C:\Users\User\eclipse-workspace\Team12-Api-CodeWarriors\src\test\resources\testdata\Team12-APICodeWarriors_TestData.xlsx (The system cannot find the path specified)
at java.base/java.io.FileInputStream.open0(Native Method)
at java.base/java.io.FileInputStream.open(FileInputStream.java:216)
at java.base/java.io.FileInputStream.<init>(FileInputStream.java:157)
at java.base/java.io.FileInputStream.<init>(FileInputStream.java:111)
at api.utilities.XLUtility.getRowCount(XLUtility.java:31)
at api.stepdefinitions.Program_Stepdefinition.getAllData(Program_Stepdefinition.java:517)
at api.stepdefinitions.Program_Stepdefinition.user_sends_https_request_and_request_body_to_update_progam_with_invalid_program_id_from_excel_and(Program_Stepdefinition.java:316)
at ✽.User sends HTTPS Request and request Body to update Progam with invalid program id from excel "ProgramModule" and 7(file:///C:/Users/kodai/eclipse-workspace/RestAssured_Project/src/test/resources/features/1_Program.feature:91)
]]>
            </full-stacktrace>
          </exception> <!-- java.io.FileNotFoundException -->
          <reporter-output>
          </reporter-output>
        </test-method> <!-- runScenario -->
        <test-method signature="runScenario(io.cucumber.testng.PickleWrapper,io.cucumber.testng.FeatureWrapper)[pri:0, instance:api.runner.TestRunner@304bb45b]" started-at="2023-09-23T12:17:01 EDT" name="runScenario" description="Runs Cucumber Scenarios" data-provider="scenarios" finished-at="2023-09-23T12:17:01 EDT" duration-ms="51" status="FAIL">
          <params>
            <param index="0">
              <value>
                <![CDATA["Check if user able to update a program with  invalid program Name and request body"]]>
              </value>
            </param>
            <param index="1">
              <value>
                <![CDATA["CURD Operations for Program Module"]]>
              </value>
            </param>
          </params>
          <exception class="java.io.FileNotFoundException">
            <message>
              <![CDATA[C:\Users\User\eclipse-workspace\Team12-Api-CodeWarriors\src\test\resources\testdata\Team12-APICodeWarriors_TestData.xlsx (The system cannot find the path specified)]]>
            </message>
            <full-stacktrace>
              <![CDATA[java.io.FileNotFoundException: C:\Users\User\eclipse-workspace\Team12-Api-CodeWarriors\src\test\resources\testdata\Team12-APICodeWarriors_TestData.xlsx (The system cannot find the path specified)
at java.base/java.io.FileInputStream.open0(Native Method)
at java.base/java.io.FileInputStream.open(FileInputStream.java:216)
at java.base/java.io.FileInputStream.<init>(FileInputStream.java:157)
at java.base/java.io.FileInputStream.<init>(FileInputStream.java:111)
at api.utilities.XLUtility.getRowCount(XLUtility.java:31)
at api.stepdefinitions.Program_Stepdefinition.getAllData(Program_Stepdefinition.java:517)
at api.stepdefinitions.Program_Stepdefinition.user_sends_https_request_and_request_body_with_invalid_program_description_program_name_program_status_from_excel_and(Program_Stepdefinition.java:340)
at ✽.User sends HTTPS Request  and  request Body with Invalid (program Description , program Name, program status)from excel "ProgramModule" and 5(file:///C:/Users/kodai/eclipse-workspace/RestAssured_Project/src/test/resources/features/1_Program.feature:102)
]]>
            </full-stacktrace>
          </exception> <!-- java.io.FileNotFoundException -->
          <reporter-output>
          </reporter-output>
        </test-method> <!-- runScenario -->
        <test-method signature="runScenario(io.cucumber.testng.PickleWrapper,io.cucumber.testng.FeatureWrapper)[pri:0, instance:api.runner.TestRunner@304bb45b]" started-at="2023-09-23T12:17:01 EDT" name="runScenario" description="Runs Cucumber Scenarios" data-provider="scenarios" finished-at="2023-09-23T12:17:01 EDT" duration-ms="45" status="FAIL">
          <params>
            <param index="0">
              <value>
                <![CDATA["Check if user able to update a program  missing mandatory fields in request body"]]>
              </value>
            </param>
            <param index="1">
              <value>
                <![CDATA["CURD Operations for Program Module"]]>
              </value>
            </param>
          </params>
          <exception class="java.io.FileNotFoundException">
            <message>
              <![CDATA[C:\Users\User\eclipse-workspace\Team12-Api-CodeWarriors\src\test\resources\testdata\Team12-APICodeWarriors_TestData.xlsx (The system cannot find the path specified)]]>
            </message>
            <full-stacktrace>
              <![CDATA[java.io.FileNotFoundException: C:\Users\User\eclipse-workspace\Team12-Api-CodeWarriors\src\test\resources\testdata\Team12-APICodeWarriors_TestData.xlsx (The system cannot find the path specified)
at java.base/java.io.FileInputStream.open0(Native Method)
at java.base/java.io.FileInputStream.open(FileInputStream.java:216)
at java.base/java.io.FileInputStream.<init>(FileInputStream.java:157)
at java.base/java.io.FileInputStream.<init>(FileInputStream.java:111)
at api.utilities.XLUtility.getRowCount(XLUtility.java:31)
at api.stepdefinitions.Program_Stepdefinition.getAllData(Program_Stepdefinition.java:517)
at api.stepdefinitions.Program_Stepdefinition.user_sends_https_request_and_request_body_missing_mandatory_fields_from_excel_and(Program_Stepdefinition.java:294)
at ✽.User sends HTTPS Request  and request Body missing mandatory fields from excel "ProgramModule" and 3(file:///C:/Users/kodai/eclipse-workspace/RestAssured_Project/src/test/resources/features/1_Program.feature:114)
]]>
            </full-stacktrace>
          </exception> <!-- java.io.FileNotFoundException -->
          <reporter-output>
          </reporter-output>
        </test-method> <!-- runScenario -->
        <test-method signature="runScenario(io.cucumber.testng.PickleWrapper,io.cucumber.testng.FeatureWrapper)[pri:0, instance:api.runner.TestRunner@304bb45b]" started-at="2023-09-23T12:17:01 EDT" name="runScenario" description="Runs Cucumber Scenarios" data-provider="scenarios" finished-at="2023-09-23T12:17:06 EDT" duration-ms="5230" status="FAIL">
          <params>
            <param index="0">
              <value>
                <![CDATA["Check if user able to delete a program with valid program ID for program module"]]>
              </value>
            </param>
            <param index="1">
              <value>
                <![CDATA["CURD Operations for Program Module"]]>
              </value>
            </param>
          </params>
          <exception class="java.lang.AssertionError">
            <message>
              <![CDATA[expected [200] but found [503]]]>
            </message>
            <full-stacktrace>
              <![CDATA[java.lang.AssertionError: expected [200] but found [503]
at org.testng.Assert.fail(Assert.java:110)
at org.testng.Assert.failNotEquals(Assert.java:1577)
at org.testng.Assert.assertEqualsImpl(Assert.java:149)
at org.testng.Assert.assertEquals(Assert.java:131)
at org.testng.Assert.assertEquals(Assert.java:1418)
at org.testng.Assert.assertEquals(Assert.java:1382)
at org.testng.Assert.assertEquals(Assert.java:1428)
at api.stepdefinitions.Program_Stepdefinition.user_receives_ok_status_with_message(Program_Stepdefinition.java:384)
at ✽.User receives 200 Ok status with message(file:///C:/Users/kodai/eclipse-workspace/RestAssured_Project/src/test/resources/features/1_Program.feature:127)
]]>
            </full-stacktrace>
          </exception> <!-- java.lang.AssertionError -->
          <reporter-output>
          </reporter-output>
        </test-method> <!-- runScenario -->
        <test-method signature="runScenario(io.cucumber.testng.PickleWrapper,io.cucumber.testng.FeatureWrapper)[pri:0, instance:api.runner.TestRunner@304bb45b]" started-at="2023-09-23T12:17:06 EDT" name="runScenario" description="Runs Cucumber Scenarios" data-provider="scenarios" finished-at="2023-09-23T12:17:11 EDT" duration-ms="5254" status="FAIL">
          <params>
            <param index="0">
              <value>
                <![CDATA["Check if user able to delete a program with valid LMS API,invalid program id for program module"]]>
              </value>
            </param>
            <param index="1">
              <value>
                <![CDATA["CURD Operations for Program Module"]]>
              </value>
            </param>
          </params>
          <exception class="java.lang.AssertionError">
            <message>
              <![CDATA[expected [404] but found [503]]]>
            </message>
            <full-stacktrace>
              <![CDATA[java.lang.AssertionError: expected [404] but found [503]
at org.testng.Assert.fail(Assert.java:110)
at org.testng.Assert.failNotEquals(Assert.java:1577)
at org.testng.Assert.assertEqualsImpl(Assert.java:149)
at org.testng.Assert.assertEquals(Assert.java:131)
at org.testng.Assert.assertEquals(Assert.java:1418)
at org.testng.Assert.assertEquals(Assert.java:1382)
at org.testng.Assert.assertEquals(Assert.java:1428)
at api.stepdefinitions.Program_Stepdefinition.user_receives_not_found_status_with_message_and_boolean_success_details_for_invalid_program_id_in_program_module(Program_Stepdefinition.java:414)
at ✽.User receives 404 Not Found Status with message and boolean success details for invalid program id in program module(file:///C:/Users/kodai/eclipse-workspace/RestAssured_Project/src/test/resources/features/1_Program.feature:134)
]]>
            </full-stacktrace>
          </exception> <!-- java.lang.AssertionError -->
          <reporter-output>
          </reporter-output>
        </test-method> <!-- runScenario -->
        <test-method signature="runScenario(io.cucumber.testng.PickleWrapper,io.cucumber.testng.FeatureWrapper)[pri:0, instance:api.runner.TestRunner@304bb45b]" started-at="2023-09-23T12:17:11 EDT" name="runScenario" description="Runs Cucumber Scenarios" data-provider="scenarios" finished-at="2023-09-23T12:17:16 EDT" duration-ms="5232" status="FAIL">
          <params>
            <param index="0">
              <value>
                <![CDATA["Check if user able to delete a program with Invalid programName for program module"]]>
              </value>
            </param>
            <param index="1">
              <value>
                <![CDATA["CURD Operations for Program Module"]]>
              </value>
            </param>
          </params>
          <exception class="java.lang.AssertionError">
            <message>
              <![CDATA[expected [404] but found [503]]]>
            </message>
            <full-stacktrace>
              <![CDATA[java.lang.AssertionError: expected [404] but found [503]
at org.testng.Assert.fail(Assert.java:110)
at org.testng.Assert.failNotEquals(Assert.java:1577)
at org.testng.Assert.assertEqualsImpl(Assert.java:149)
at org.testng.Assert.assertEquals(Assert.java:131)
at org.testng.Assert.assertEquals(Assert.java:1418)
at org.testng.Assert.assertEquals(Assert.java:1382)
at org.testng.Assert.assertEquals(Assert.java:1428)
at api.stepdefinitions.Program_Stepdefinition.user_receives_not_found_status_with_message_and_boolean_success_details(Program_Stepdefinition.java:493)
at ✽.User receives 404 Not Found Status with message and boolean success details Program(file:///C:/Users/kodai/eclipse-workspace/RestAssured_Project/src/test/resources/features/1_Program.feature:152)
]]>
            </full-stacktrace>
          </exception> <!-- java.lang.AssertionError -->
          <reporter-output>
          </reporter-output>
        </test-method> <!-- runScenario -->
        <test-method signature="runScenario(io.cucumber.testng.PickleWrapper,io.cucumber.testng.FeatureWrapper)[pri:0, instance:api.runner.TestRunner@304bb45b]" started-at="2023-09-23T12:17:16 EDT" name="runScenario" description="Runs Cucumber Scenarios" data-provider="scenarios" finished-at="2023-09-23T12:17:17 EDT" duration-ms="100" status="FAIL">
          <params>
            <param index="0">
              <value>
                <![CDATA["Check if user able to create a Batch with valid endpoint and request body in Batch Module (non existing values)"]]>
              </value>
            </param>
            <param index="1">
              <value>
                <![CDATA["CURD Operations for Batch Module"]]>
              </value>
            </param>
          </params>
          <exception class="java.io.FileNotFoundException">
            <message>
              <![CDATA[C:\Users\User\eclipse-workspace\Team12-Api-CodeWarriors\src\test\resources\testdata\Team12-APICodeWarriors_TestData.xlsx (The system cannot find the path specified)]]>
            </message>
            <full-stacktrace>
              <![CDATA[java.io.FileNotFoundException: C:\Users\User\eclipse-workspace\Team12-Api-CodeWarriors\src\test\resources\testdata\Team12-APICodeWarriors_TestData.xlsx (The system cannot find the path specified)
at java.base/java.io.FileInputStream.open0(Native Method)
at java.base/java.io.FileInputStream.open(FileInputStream.java:216)
at java.base/java.io.FileInputStream.<init>(FileInputStream.java:157)
at java.base/java.io.FileInputStream.<init>(FileInputStream.java:111)
at api.utilities.XLUtility.getRowCount(XLUtility.java:31)
at api.stepdefinitions.Batch_Stepdefinition.getAllData(Batch_Stepdefinition.java:55)
at api.stepdefinitions.Batch_Stepdefinition.user_sends_https_request_and_request_body_for_batch_module_from_excel_and(Batch_Stepdefinition.java:98)
at ✽.User sends HTTPS Request and  request Body for Batch Module from excel "BatchModule"(file:///C:/Users/kodai/eclipse-workspace/RestAssured_Project/src/test/resources/features/2_Batch.feature:8)
]]>
            </full-stacktrace>
          </exception> <!-- java.io.FileNotFoundException -->
          <reporter-output>
          </reporter-output>
        </test-method> <!-- runScenario -->
        <test-method signature="runScenario(io.cucumber.testng.PickleWrapper,io.cucumber.testng.FeatureWrapper)[pri:0, instance:api.runner.TestRunner@304bb45b]" started-at="2023-09-23T12:17:17 EDT" name="runScenario" description="Runs Cucumber Scenarios" data-provider="scenarios" finished-at="2023-09-23T12:17:17 EDT" duration-ms="48" status="FAIL">
          <params>
            <param index="0">
              <value>
                <![CDATA["Check if user able to create a Batch with valid endpoint and request body (existing value in Batch Name)"]]>
              </value>
            </param>
            <param index="1">
              <value>
                <![CDATA["CURD Operations for Batch Module"]]>
              </value>
            </param>
          </params>
          <exception class="java.io.FileNotFoundException">
            <message>
              <![CDATA[C:\Users\User\eclipse-workspace\Team12-Api-CodeWarriors\src\test\resources\testdata\Team12-APICodeWarriors_TestData.xlsx (The system cannot find the path specified)]]>
            </message>
            <full-stacktrace>
              <![CDATA[java.io.FileNotFoundException: C:\Users\User\eclipse-workspace\Team12-Api-CodeWarriors\src\test\resources\testdata\Team12-APICodeWarriors_TestData.xlsx (The system cannot find the path specified)
at java.base/java.io.FileInputStream.open0(Native Method)
at java.base/java.io.FileInputStream.open(FileInputStream.java:216)
at java.base/java.io.FileInputStream.<init>(FileInputStream.java:157)
at java.base/java.io.FileInputStream.<init>(FileInputStream.java:111)
at api.utilities.XLUtility.getRowCount(XLUtility.java:31)
at api.stepdefinitions.Batch_Stepdefinition.user_sends_https_request_and_request_body_with_existing_values_for_batch_module_from_excel(Batch_Stepdefinition.java:160)
at ✽.User sends HTTPS Request and  request Body with existing values for Batch Module from excel "BatchModule"(file:///C:/Users/kodai/eclipse-workspace/RestAssured_Project/src/test/resources/features/2_Batch.feature:19)
]]>
            </full-stacktrace>
          </exception> <!-- java.io.FileNotFoundException -->
          <reporter-output>
          </reporter-output>
        </test-method> <!-- runScenario -->
        <test-method signature="runScenario(io.cucumber.testng.PickleWrapper,io.cucumber.testng.FeatureWrapper)[pri:0, instance:api.runner.TestRunner@304bb45b]" started-at="2023-09-23T12:17:17 EDT" name="runScenario" description="Runs Cucumber Scenarios" data-provider="scenarios" finished-at="2023-09-23T12:17:17 EDT" duration-ms="49" status="FAIL">
          <params>
            <param index="0">
              <value>
                <![CDATA["Check if user able to create a Batch missing mandatory fields in request body"]]>
              </value>
            </param>
            <param index="1">
              <value>
                <![CDATA["CURD Operations for Batch Module"]]>
              </value>
            </param>
          </params>
          <exception class="java.io.FileNotFoundException">
            <message>
              <![CDATA[C:\Users\User\eclipse-workspace\Team12-Api-CodeWarriors\src\test\resources\testdata\Team12-APICodeWarriors_TestData.xlsx (The system cannot find the path specified)]]>
            </message>
            <full-stacktrace>
              <![CDATA[java.io.FileNotFoundException: C:\Users\User\eclipse-workspace\Team12-Api-CodeWarriors\src\test\resources\testdata\Team12-APICodeWarriors_TestData.xlsx (The system cannot find the path specified)
at java.base/java.io.FileInputStream.open0(Native Method)
at java.base/java.io.FileInputStream.open(FileInputStream.java:216)
at java.base/java.io.FileInputStream.<init>(FileInputStream.java:157)
at java.base/java.io.FileInputStream.<init>(FileInputStream.java:111)
at api.utilities.XLUtility.getRowCount(XLUtility.java:31)
at api.stepdefinitions.Batch_Stepdefinition.user_sends_https_request_and_request_body_with_missing_fields_for_batch_module_from_excel(Batch_Stepdefinition.java:198)
at ✽.User sends HTTPS Request and  request Body with missing fields for Batch Module from excel "BatchModule"(file:///C:/Users/kodai/eclipse-workspace/RestAssured_Project/src/test/resources/features/2_Batch.feature:29)
]]>
            </full-stacktrace>
          </exception> <!-- java.io.FileNotFoundException -->
          <reporter-output>
          </reporter-output>
        </test-method> <!-- runScenario -->
        <test-method signature="runScenario(io.cucumber.testng.PickleWrapper,io.cucumber.testng.FeatureWrapper)[pri:0, instance:api.runner.TestRunner@304bb45b]" started-at="2023-09-23T12:17:17 EDT" name="runScenario" description="Runs Cucumber Scenarios" data-provider="scenarios" finished-at="2023-09-23T12:17:22 EDT" duration-ms="5250" status="FAIL">
          <params>
            <param index="0">
              <value>
                <![CDATA["Check if user able to retrieve all batches  with valid LMS API"]]>
              </value>
            </param>
            <param index="1">
              <value>
                <![CDATA["CURD Operations for Batch Module"]]>
              </value>
            </param>
          </params>
          <exception class="java.lang.AssertionError">
            <message>
              <![CDATA[expected [503] but found [200]]]>
            </message>
            <full-stacktrace>
              <![CDATA[java.lang.AssertionError: expected [503] but found [200]
at org.testng.Assert.fail(Assert.java:110)
at org.testng.Assert.failNotEquals(Assert.java:1577)
at org.testng.Assert.assertEqualsImpl(Assert.java:149)
at org.testng.Assert.assertEquals(Assert.java:131)
at org.testng.Assert.assertEquals(Assert.java:1418)
at org.testng.Assert.assertEquals(Assert.java:1382)
at org.testng.Assert.assertEquals(Assert.java:1428)
at api.stepdefinitions.Batch_Stepdefinition.user_receives_ok_status_with_response_body(Batch_Stepdefinition.java:250)
at ✽.User receives 200 OK Status with response body.(file:///C:/Users/kodai/eclipse-workspace/RestAssured_Project/src/test/resources/features/2_Batch.feature:41)
]]>
            </full-stacktrace>
          </exception> <!-- java.lang.AssertionError -->
          <reporter-output>
          </reporter-output>
        </test-method> <!-- runScenario -->
        <test-method signature="runScenario(io.cucumber.testng.PickleWrapper,io.cucumber.testng.FeatureWrapper)[pri:0, instance:api.runner.TestRunner@304bb45b]" started-at="2023-09-23T12:17:22 EDT" name="runScenario" description="Runs Cucumber Scenarios" data-provider="scenarios" finished-at="2023-09-23T12:17:27 EDT" duration-ms="5226" status="FAIL">
          <params>
            <param index="0">
              <value>
                <![CDATA["Check if user able to retrieve a batch with valid BATCH ID"]]>
              </value>
            </param>
            <param index="1">
              <value>
                <![CDATA["CURD Operations for Batch Module"]]>
              </value>
            </param>
          </params>
          <exception class="java.lang.AssertionError">
            <message>
              <![CDATA[expected [503] but found [200]]]>
            </message>
            <full-stacktrace>
              <![CDATA[java.lang.AssertionError: expected [503] but found [200]
at org.testng.Assert.fail(Assert.java:110)
at org.testng.Assert.failNotEquals(Assert.java:1577)
at org.testng.Assert.assertEqualsImpl(Assert.java:149)
at org.testng.Assert.assertEquals(Assert.java:131)
at org.testng.Assert.assertEquals(Assert.java:1418)
at org.testng.Assert.assertEquals(Assert.java:1382)
at org.testng.Assert.assertEquals(Assert.java:1428)
at api.stepdefinitions.Batch_Stepdefinition.user_receives_ok_status_with_response_body(Batch_Stepdefinition.java:250)
at ✽.User receives 200 OK Status with response body.(file:///C:/Users/kodai/eclipse-workspace/RestAssured_Project/src/test/resources/features/2_Batch.feature:47)
]]>
            </full-stacktrace>
          </exception> <!-- java.lang.AssertionError -->
          <reporter-output>
          </reporter-output>
        </test-method> <!-- runScenario -->
        <test-method signature="runScenario(io.cucumber.testng.PickleWrapper,io.cucumber.testng.FeatureWrapper)[pri:0, instance:api.runner.TestRunner@304bb45b]" started-at="2023-09-23T12:17:27 EDT" name="runScenario" description="Runs Cucumber Scenarios" data-provider="scenarios" finished-at="2023-09-23T12:17:32 EDT" duration-ms="5228" status="FAIL">
          <params>
            <param index="0">
              <value>
                <![CDATA["Check if user able to retrieve a batch with invalid BATCH ID"]]>
              </value>
            </param>
            <param index="1">
              <value>
                <![CDATA["CURD Operations for Batch Module"]]>
              </value>
            </param>
          </params>
          <exception class="java.lang.AssertionError">
            <message>
              <![CDATA[expected [503] but found [404]]]>
            </message>
            <full-stacktrace>
              <![CDATA[java.lang.AssertionError: expected [503] but found [404]
at org.testng.Assert.fail(Assert.java:110)
at org.testng.Assert.failNotEquals(Assert.java:1577)
at org.testng.Assert.assertEqualsImpl(Assert.java:149)
at org.testng.Assert.assertEquals(Assert.java:131)
at org.testng.Assert.assertEquals(Assert.java:1418)
at org.testng.Assert.assertEquals(Assert.java:1382)
at org.testng.Assert.assertEquals(Assert.java:1428)
at api.stepdefinitions.Batch_Stepdefinition.user_receives_not_found_status_with_message_and_boolean_success_details(Batch_Stepdefinition.java:290)
at ✽.User receives 404 Not Found Status with message and boolean success details(file:///C:/Users/kodai/eclipse-workspace/RestAssured_Project/src/test/resources/features/2_Batch.feature:54)
]]>
            </full-stacktrace>
          </exception> <!-- java.lang.AssertionError -->
          <reporter-output>
          </reporter-output>
        </test-method> <!-- runScenario -->
        <test-method signature="runScenario(io.cucumber.testng.PickleWrapper,io.cucumber.testng.FeatureWrapper)[pri:0, instance:api.runner.TestRunner@304bb45b]" started-at="2023-09-23T12:17:32 EDT" name="runScenario" description="Runs Cucumber Scenarios" data-provider="scenarios" finished-at="2023-09-23T12:17:32 EDT" duration-ms="32" status="FAIL">
          <params>
            <param index="0">
              <value>
                <![CDATA["Check if user able to retrieve a batch with valid BATCH NAME"]]>
              </value>
            </param>
            <param index="1">
              <value>
                <![CDATA["CURD Operations for Batch Module"]]>
              </value>
            </param>
          </params>
          <exception class="java.lang.IllegalArgumentException">
            <message>
              <![CDATA[parameterValue cannot be null]]>
            </message>
            <full-stacktrace>
              <![CDATA[java.lang.IllegalArgumentException: parameterValue cannot be null
at java.base/jdk.internal.reflect.NativeConstructorAccessorImpl.newInstance0(Native Method)
at java.base/jdk.internal.reflect.NativeConstructorAccessorImpl.newInstance(NativeConstructorAccessorImpl.java:77)
at java.base/jdk.internal.reflect.DelegatingConstructorAccessorImpl.newInstance(DelegatingConstructorAccessorImpl.java:45)
at java.base/java.lang.reflect.Constructor.newInstanceWithCaller(Constructor.java:499)
at java.base/java.lang.reflect.Constructor.newInstance(Constructor.java:480)
at org.codehaus.groovy.reflection.CachedConstructor.invoke(CachedConstructor.java:73)
at org.codehaus.groovy.reflection.CachedConstructor.doConstructorInvoke(CachedConstructor.java:60)
at org.codehaus.groovy.runtime.callsite.ConstructorSite$ConstructorSiteNoUnwrap.callConstructor(ConstructorSite.java:86)
at org.codehaus.groovy.runtime.callsite.AbstractCallSite.callConstructor(AbstractCallSite.java:277)
at io.restassured.internal.common.assertion.AssertParameter.notNull(AssertParameter.groovy:26)
at io.restassured.internal.common.assertion.AssertParameter$notNull.callStatic(Unknown Source)
at org.codehaus.groovy.runtime.callsite.CallSiteArray.defaultCallStatic(CallSiteArray.java:53)
at io.restassured.internal.common.assertion.AssertParameter$notNull.callStatic(Unknown Source)
at io.restassured.internal.RequestSpecificationImpl.pathParam(RequestSpecificationImpl.groovy:515)
at api.stepdefinitions.Batch_Stepdefinition.user_sends_https_request_with_valid_BATCH_NAME(Batch_Stepdefinition.java:304)
at ✽.User sends HTTPS Request with valid BATCH NAME(file:///C:/Users/kodai/eclipse-workspace/RestAssured_Project/src/test/resources/features/2_Batch.feature:61)
]]>
            </full-stacktrace>
          </exception> <!-- java.lang.IllegalArgumentException -->
          <reporter-output>
          </reporter-output>
        </test-method> <!-- runScenario -->
        <test-method signature="runScenario(io.cucumber.testng.PickleWrapper,io.cucumber.testng.FeatureWrapper)[pri:0, instance:api.runner.TestRunner@304bb45b]" started-at="2023-09-23T12:17:32 EDT" name="runScenario" description="Runs Cucumber Scenarios" data-provider="scenarios" finished-at="2023-09-23T12:17:38 EDT" duration-ms="5204" status="FAIL">
          <params>
            <param index="0">
              <value>
                <![CDATA["Check if user able to retrieve a batch with invalid BATCH NAME"]]>
              </value>
            </param>
            <param index="1">
              <value>
                <![CDATA["CURD Operations for Batch Module"]]>
              </value>
            </param>
          </params>
          <exception class="java.lang.AssertionError">
            <message>
              <![CDATA[expected [503] but found [404]]]>
            </message>
            <full-stacktrace>
              <![CDATA[java.lang.AssertionError: expected [503] but found [404]
at org.testng.Assert.fail(Assert.java:110)
at org.testng.Assert.failNotEquals(Assert.java:1577)
at org.testng.Assert.assertEqualsImpl(Assert.java:149)
at org.testng.Assert.assertEquals(Assert.java:131)
at org.testng.Assert.assertEquals(Assert.java:1418)
at org.testng.Assert.assertEquals(Assert.java:1382)
at org.testng.Assert.assertEquals(Assert.java:1428)
at api.stepdefinitions.Batch_Stepdefinition.user_receives_not_found_status_with_message_and_boolean_success_details(Batch_Stepdefinition.java:290)
at ✽.User receives 404 Not Found Status with message and boolean success details(file:///C:/Users/kodai/eclipse-workspace/RestAssured_Project/src/test/resources/features/2_Batch.feature:69)
]]>
            </full-stacktrace>
          </exception> <!-- java.lang.AssertionError -->
          <reporter-output>
          </reporter-output>
        </test-method> <!-- runScenario -->
        <test-method signature="runScenario(io.cucumber.testng.PickleWrapper,io.cucumber.testng.FeatureWrapper)[pri:0, instance:api.runner.TestRunner@304bb45b]" started-at="2023-09-23T12:17:38 EDT" name="runScenario" description="Runs Cucumber Scenarios" data-provider="scenarios" finished-at="2023-09-23T12:17:43 EDT" duration-ms="5238" status="FAIL">
          <params>
            <param index="0">
              <value>
                <![CDATA["Check if user able to retrieve a batch with valid Program ID"]]>
              </value>
            </param>
            <param index="1">
              <value>
                <![CDATA["CURD Operations for Batch Module"]]>
              </value>
            </param>
          </params>
          <exception class="java.lang.AssertionError">
            <message>
              <![CDATA[expected [503] but found [200]]]>
            </message>
            <full-stacktrace>
              <![CDATA[java.lang.AssertionError: expected [503] but found [200]
at org.testng.Assert.fail(Assert.java:110)
at org.testng.Assert.failNotEquals(Assert.java:1577)
at org.testng.Assert.assertEqualsImpl(Assert.java:149)
at org.testng.Assert.assertEquals(Assert.java:131)
at org.testng.Assert.assertEquals(Assert.java:1418)
at org.testng.Assert.assertEquals(Assert.java:1382)
at org.testng.Assert.assertEquals(Assert.java:1428)
at api.stepdefinitions.Batch_Stepdefinition.user_receives_ok_status_with_response_body(Batch_Stepdefinition.java:250)
at ✽.User receives 200 OK Status with response body.(file:///C:/Users/kodai/eclipse-workspace/RestAssured_Project/src/test/resources/features/2_Batch.feature:76)
]]>
            </full-stacktrace>
          </exception> <!-- java.lang.AssertionError -->
          <reporter-output>
          </reporter-output>
        </test-method> <!-- runScenario -->
        <test-method signature="runScenario(io.cucumber.testng.PickleWrapper,io.cucumber.testng.FeatureWrapper)[pri:0, instance:api.runner.TestRunner@304bb45b]" started-at="2023-09-23T12:17:43 EDT" name="runScenario" description="Runs Cucumber Scenarios" data-provider="scenarios" finished-at="2023-09-23T12:17:48 EDT" duration-ms="5212" status="FAIL">
          <params>
            <param index="0">
              <value>
                <![CDATA["Check if user able to retrieve a batch with invalid Program Id"]]>
              </value>
            </param>
            <param index="1">
              <value>
                <![CDATA["CURD Operations for Batch Module"]]>
              </value>
            </param>
          </params>
          <exception class="java.lang.AssertionError">
            <message>
              <![CDATA[expected [503] but found [404]]]>
            </message>
            <full-stacktrace>
              <![CDATA[java.lang.AssertionError: expected [503] but found [404]
at org.testng.Assert.fail(Assert.java:110)
at org.testng.Assert.failNotEquals(Assert.java:1577)
at org.testng.Assert.assertEqualsImpl(Assert.java:149)
at org.testng.Assert.assertEquals(Assert.java:131)
at org.testng.Assert.assertEquals(Assert.java:1418)
at org.testng.Assert.assertEquals(Assert.java:1382)
at org.testng.Assert.assertEquals(Assert.java:1428)
at api.stepdefinitions.Batch_Stepdefinition.user_receives_not_found_status_with_message_and_boolean_success_details(Batch_Stepdefinition.java:290)
at ✽.User receives 404 Not Found Status with message and boolean success details(file:///C:/Users/kodai/eclipse-workspace/RestAssured_Project/src/test/resources/features/2_Batch.feature:83)
]]>
            </full-stacktrace>
          </exception> <!-- java.lang.AssertionError -->
          <reporter-output>
          </reporter-output>
        </test-method> <!-- runScenario -->
        <test-method signature="runScenario(io.cucumber.testng.PickleWrapper,io.cucumber.testng.FeatureWrapper)[pri:0, instance:api.runner.TestRunner@304bb45b]" started-at="2023-09-23T12:17:48 EDT" name="runScenario" description="Runs Cucumber Scenarios" data-provider="scenarios" finished-at="2023-09-23T12:17:53 EDT" duration-ms="5236" status="FAIL">
          <params>
            <param index="0">
              <value>
                <![CDATA["Check if user able to update a Batch with valid batchID and mandatory request body"]]>
              </value>
            </param>
            <param index="1">
              <value>
                <![CDATA["CURD Operations for Batch Module"]]>
              </value>
            </param>
          </params>
          <exception class="java.lang.AssertionError">
            <message>
              <![CDATA[expected [503] but found [200]]]>
            </message>
            <full-stacktrace>
              <![CDATA[java.lang.AssertionError: expected [503] but found [200]
at org.testng.Assert.fail(Assert.java:110)
at org.testng.Assert.failNotEquals(Assert.java:1577)
at org.testng.Assert.assertEqualsImpl(Assert.java:149)
at org.testng.Assert.assertEquals(Assert.java:131)
at org.testng.Assert.assertEquals(Assert.java:1418)
at org.testng.Assert.assertEquals(Assert.java:1382)
at org.testng.Assert.assertEquals(Assert.java:1428)
at api.stepdefinitions.Batch_Stepdefinition.user_receives_ok_status_with_updated_value_in_response_body(Batch_Stepdefinition.java:377)
at ✽.User receives 200 OK Status with updated value in response body.(file:///C:/Users/kodai/eclipse-workspace/RestAssured_Project/src/test/resources/features/2_Batch.feature:91)
]]>
            </full-stacktrace>
          </exception> <!-- java.lang.AssertionError -->
          <reporter-output>
          </reporter-output>
        </test-method> <!-- runScenario -->
        <test-method signature="runScenario(io.cucumber.testng.PickleWrapper,io.cucumber.testng.FeatureWrapper)[pri:0, instance:api.runner.TestRunner@304bb45b]" started-at="2023-09-23T12:17:53 EDT" name="runScenario" description="Runs Cucumber Scenarios" data-provider="scenarios" finished-at="2023-09-23T12:17:58 EDT" duration-ms="5241" status="FAIL">
          <params>
            <param index="0">
              <value>
                <![CDATA["Check if user able to update a Batch with invalid batchID and mandatory request body"]]>
              </value>
            </param>
            <param index="1">
              <value>
                <![CDATA["CURD Operations for Batch Module"]]>
              </value>
            </param>
          </params>
          <exception class="java.lang.AssertionError">
            <message>
              <![CDATA[expected [503] but found [404]]]>
            </message>
            <full-stacktrace>
              <![CDATA[java.lang.AssertionError: expected [503] but found [404]
at org.testng.Assert.fail(Assert.java:110)
at org.testng.Assert.failNotEquals(Assert.java:1577)
at org.testng.Assert.assertEqualsImpl(Assert.java:149)
at org.testng.Assert.assertEquals(Assert.java:131)
at org.testng.Assert.assertEquals(Assert.java:1418)
at org.testng.Assert.assertEquals(Assert.java:1382)
at org.testng.Assert.assertEquals(Assert.java:1428)
at api.stepdefinitions.Batch_Stepdefinition.user_receives_not_found_status_with_message_and_boolean_success_details(Batch_Stepdefinition.java:290)
at ✽.User receives 404 Not Found Status with message and boolean success details(file:///C:/Users/kodai/eclipse-workspace/RestAssured_Project/src/test/resources/features/2_Batch.feature:99)
]]>
            </full-stacktrace>
          </exception> <!-- java.lang.AssertionError -->
          <reporter-output>
          </reporter-output>
        </test-method> <!-- runScenario -->
        <test-method signature="runScenario(io.cucumber.testng.PickleWrapper,io.cucumber.testng.FeatureWrapper)[pri:0, instance:api.runner.TestRunner@304bb45b]" started-at="2023-09-23T12:17:58 EDT" name="runScenario" description="Runs Cucumber Scenarios" data-provider="scenarios" finished-at="2023-09-23T12:18:04 EDT" duration-ms="5210" status="FAIL">
          <params>
            <param index="0">
              <value>
                <![CDATA["Check if user able to update a Batch with valid batchID and missing mandatory fields request body"]]>
              </value>
            </param>
            <param index="1">
              <value>
                <![CDATA["CURD Operations for Batch Module"]]>
              </value>
            </param>
          </params>
          <exception class="java.lang.NullPointerException">
            <message>
              <![CDATA[Cannot invoke "io.restassured.response.Response.then()" because "api.stepdefinitions.Batch_Stepdefinition.response1" is null]]>
            </message>
            <full-stacktrace>
              <![CDATA[java.lang.NullPointerException: Cannot invoke "io.restassured.response.Response.then()" because "api.stepdefinitions.Batch_Stepdefinition.response1" is null
at api.stepdefinitions.Batch_Stepdefinition.user_receives_bad_request_status_with_message_and_boolean_success_details(Batch_Stepdefinition.java:184)
at ✽.User receives 400 Bad Request Status with message and boolean success details(file:///C:/Users/kodai/eclipse-workspace/RestAssured_Project/src/test/resources/features/2_Batch.feature:108)
]]>
            </full-stacktrace>
          </exception> <!-- java.lang.NullPointerException -->
          <reporter-output>
          </reporter-output>
        </test-method> <!-- runScenario -->
        <test-method signature="runScenario(io.cucumber.testng.PickleWrapper,io.cucumber.testng.FeatureWrapper)[pri:0, instance:api.runner.TestRunner@304bb45b]" started-at="2023-09-23T12:18:04 EDT" name="runScenario" description="Runs Cucumber Scenarios" data-provider="scenarios" finished-at="2023-09-23T12:18:09 EDT" duration-ms="5198" status="FAIL">
          <params>
            <param index="0">
              <value>
                <![CDATA["Check if user able to delete a Batch with valid BatchId"]]>
              </value>
            </param>
            <param index="1">
              <value>
                <![CDATA["CURD Operations for Batch Module"]]>
              </value>
            </param>
          </params>
          <exception class="java.lang.AssertionError">
            <message>
              <![CDATA[expected [503] but found [200]]]>
            </message>
            <full-stacktrace>
              <![CDATA[java.lang.AssertionError: expected [503] but found [200]
at org.testng.Assert.fail(Assert.java:110)
at org.testng.Assert.failNotEquals(Assert.java:1577)
at org.testng.Assert.assertEqualsImpl(Assert.java:149)
at org.testng.Assert.assertEquals(Assert.java:131)
at org.testng.Assert.assertEquals(Assert.java:1418)
at org.testng.Assert.assertEquals(Assert.java:1382)
at org.testng.Assert.assertEquals(Assert.java:1428)
at api.stepdefinitions.Batch_Stepdefinition.user_receives_ok_status_with_response_body(Batch_Stepdefinition.java:250)
at ✽.User receives 200 OK Status with response body.(file:///C:/Users/kodai/eclipse-workspace/RestAssured_Project/src/test/resources/features/2_Batch.feature:116)
]]>
            </full-stacktrace>
          </exception> <!-- java.lang.AssertionError -->
          <reporter-output>
          </reporter-output>
        </test-method> <!-- runScenario -->
        <test-method signature="runScenario(io.cucumber.testng.PickleWrapper,io.cucumber.testng.FeatureWrapper)[pri:0, instance:api.runner.TestRunner@304bb45b]" started-at="2023-09-23T12:18:09 EDT" name="runScenario" description="Runs Cucumber Scenarios" data-provider="scenarios" finished-at="2023-09-23T12:18:14 EDT" duration-ms="5264" status="FAIL">
          <params>
            <param index="0">
              <value>
                <![CDATA["Check if user able to delete a batch with invalid batchid"]]>
              </value>
            </param>
            <param index="1">
              <value>
                <![CDATA["CURD Operations for Batch Module"]]>
              </value>
            </param>
          </params>
          <exception class="java.lang.AssertionError">
            <message>
              <![CDATA[expected [503] but found [404]]]>
            </message>
            <full-stacktrace>
              <![CDATA[java.lang.AssertionError: expected [503] but found [404]
at org.testng.Assert.fail(Assert.java:110)
at org.testng.Assert.failNotEquals(Assert.java:1577)
at org.testng.Assert.assertEqualsImpl(Assert.java:149)
at org.testng.Assert.assertEquals(Assert.java:131)
at org.testng.Assert.assertEquals(Assert.java:1418)
at org.testng.Assert.assertEquals(Assert.java:1382)
at org.testng.Assert.assertEquals(Assert.java:1428)
at api.stepdefinitions.Batch_Stepdefinition.user_receives_not_found_status(Batch_Stepdefinition.java:462)
at ✽.user receives 404 not found status(file:///C:/Users/kodai/eclipse-workspace/RestAssured_Project/src/test/resources/features/2_Batch.feature:122)
]]>
            </full-stacktrace>
          </exception> <!-- java.lang.AssertionError -->
          <reporter-output>
          </reporter-output>
        </test-method> <!-- runScenario -->
        <test-method signature="runScenario(io.cucumber.testng.PickleWrapper,io.cucumber.testng.FeatureWrapper)[pri:0, instance:api.runner.TestRunner@304bb45b]" started-at="2023-09-23T12:18:14 EDT" name="runScenario" description="Runs Cucumber Scenarios" data-provider="scenarios" finished-at="2023-09-23T12:18:14 EDT" duration-ms="59" status="FAIL">
          <params>
            <param index="0">
              <value>
                <![CDATA["Check if user able to create user with the valid endpoint and request body(non-existing values)"]]>
              </value>
            </param>
            <param index="1">
              <value>
                <![CDATA["CRUD project for Users Module"]]>
              </value>
            </param>
          </params>
          <exception class="java.io.FileNotFoundException">
            <message>
              <![CDATA[user_post.json (The system cannot find the file specified)]]>
            </message>
            <full-stacktrace>
              <![CDATA[java.io.FileNotFoundException: user_post.json (The system cannot find the file specified)
at java.base/java.io.FileInputStream.open0(Native Method)
at java.base/java.io.FileInputStream.open(FileInputStream.java:216)
at java.base/java.io.FileInputStream.<init>(FileInputStream.java:157)
at java.base/java.io.FileReader.<init>(FileReader.java:75)
at api.stepdefinitions.Users_Stepdefinition.user_sends_htt_ps_request_and_request_body_with_mandatory_and_additional_fields(Users_Stepdefinition.java:46)
at ✽.User sends HTTPs Request and request body with mandatory and additional fields User(file:///C:/Users/kodai/eclipse-workspace/RestAssured_Project/src/test/resources/features/3_User.feature:8)
]]>
            </full-stacktrace>
          </exception> <!-- java.io.FileNotFoundException -->
          <reporter-output>
          </reporter-output>
        </test-method> <!-- runScenario -->
        <test-method signature="runScenario(io.cucumber.testng.PickleWrapper,io.cucumber.testng.FeatureWrapper)[pri:0, instance:api.runner.TestRunner@304bb45b]" started-at="2023-09-23T12:18:14 EDT" name="runScenario" description="Runs Cucumber Scenarios" data-provider="scenarios" finished-at="2023-09-23T12:18:14 EDT" duration-ms="20" status="FAIL">
          <params>
            <param index="0">
              <value>
                <![CDATA["Check if user able to create a user missing mandatory fields in request body"]]>
              </value>
            </param>
            <param index="1">
              <value>
                <![CDATA["CRUD project for Users Module"]]>
              </value>
            </param>
          </params>
          <exception class="java.io.FileNotFoundException">
            <message>
              <![CDATA[usersInvalidModules.json (The system cannot find the file specified)]]>
            </message>
            <full-stacktrace>
              <![CDATA[java.io.FileNotFoundException: usersInvalidModules.json (The system cannot find the file specified)
at java.base/java.io.FileInputStream.open0(Native Method)
at java.base/java.io.FileInputStream.open(FileInputStream.java:216)
at java.base/java.io.FileInputStream.<init>(FileInputStream.java:157)
at java.base/java.io.FileReader.<init>(FileReader.java:75)
at api.stepdefinitions.Users_Stepdefinition.user_sends_https_request_and_request_body_with_missing_mandatory_fields(Users_Stepdefinition.java:73)
at ✽.User sends HTTPS Request and request Body with missing mandatory fields User(file:///C:/Users/kodai/eclipse-workspace/RestAssured_Project/src/test/resources/features/3_User.feature:15)
]]>
            </full-stacktrace>
          </exception> <!-- java.io.FileNotFoundException -->
          <reporter-output>
          </reporter-output>
        </test-method> <!-- runScenario -->
        <test-method signature="runScenario(io.cucumber.testng.PickleWrapper,io.cucumber.testng.FeatureWrapper)[pri:0, instance:api.runner.TestRunner@304bb45b]" started-at="2023-09-23T12:18:14 EDT" name="runScenario" description="Runs Cucumber Scenarios" data-provider="scenarios" finished-at="2023-09-23T12:18:14 EDT" duration-ms="35" status="FAIL">
          <params>
            <param index="0">
              <value>
                <![CDATA["Check if user able to create a user missing mandatory fields in request body"]]>
              </value>
            </param>
            <param index="1">
              <value>
                <![CDATA["CRUD project for Users Module"]]>
              </value>
            </param>
          </params>
          <exception class="java.io.FileNotFoundException">
            <message>
              <![CDATA[usersInvalidModules.json (The system cannot find the file specified)]]>
            </message>
            <full-stacktrace>
              <![CDATA[java.io.FileNotFoundException: usersInvalidModules.json (The system cannot find the file specified)
at java.base/java.io.FileInputStream.open0(Native Method)
at java.base/java.io.FileInputStream.open(FileInputStream.java:216)
at java.base/java.io.FileInputStream.<init>(FileInputStream.java:157)
at java.base/java.io.FileReader.<init>(FileReader.java:75)
at api.stepdefinitions.Users_Stepdefinition.user_sends_https_request_and_request_body_with_missing_users_fields(Users_Stepdefinition.java:100)
at ✽.User sends HTTPS Request and request Body with missing users fields User(file:///C:/Users/kodai/eclipse-workspace/RestAssured_Project/src/test/resources/features/3_User.feature:22)
]]>
            </full-stacktrace>
          </exception> <!-- java.io.FileNotFoundException -->
          <reporter-output>
          </reporter-output>
        </test-method> <!-- runScenario -->
        <test-method signature="runScenario(io.cucumber.testng.PickleWrapper,io.cucumber.testng.FeatureWrapper)[pri:0, instance:api.runner.TestRunner@304bb45b]" started-at="2023-09-23T12:18:14 EDT" name="runScenario" description="Runs Cucumber Scenarios" data-provider="scenarios" finished-at="2023-09-23T12:18:19 EDT" duration-ms="5197" status="PASS">
          <params>
            <param index="0">
              <value>
                <![CDATA["Check if user able retrieve all user with valid LMS API"]]>
              </value>
            </param>
            <param index="1">
              <value>
                <![CDATA["CRUD project for Users Module"]]>
              </value>
            </param>
          </params>
          <reporter-output>
          </reporter-output>
        </test-method> <!-- runScenario -->
        <test-method signature="runScenario(io.cucumber.testng.PickleWrapper,io.cucumber.testng.FeatureWrapper)[pri:0, instance:api.runner.TestRunner@304bb45b]" started-at="2023-09-23T12:18:19 EDT" name="runScenario" description="Runs Cucumber Scenarios" data-provider="scenarios" finished-at="2023-09-23T12:18:25 EDT" duration-ms="5211" status="PASS">
          <params>
            <param index="0">
              <value>
                <![CDATA["Check if User retrieve a user with valid User ID"]]>
              </value>
            </param>
            <param index="1">
              <value>
                <![CDATA["CRUD project for Users Module"]]>
              </value>
            </param>
          </params>
          <reporter-output>
          </reporter-output>
        </test-method> <!-- runScenario -->
        <test-method signature="runScenario(io.cucumber.testng.PickleWrapper,io.cucumber.testng.FeatureWrapper)[pri:0, instance:api.runner.TestRunner@304bb45b]" started-at="2023-09-23T12:18:25 EDT" name="runScenario" description="Runs Cucumber Scenarios" data-provider="scenarios" finished-at="2023-09-23T12:18:30 EDT" duration-ms="5210" status="PASS">
          <params>
            <param index="0">
              <value>
                <![CDATA["Check if user retrieve a user with"]]>
              </value>
            </param>
            <param index="1">
              <value>
                <![CDATA["CRUD project for Users Module"]]>
              </value>
            </param>
          </params>
          <reporter-output>
          </reporter-output>
        </test-method> <!-- runScenario -->
        <test-method signature="runScenario(io.cucumber.testng.PickleWrapper,io.cucumber.testng.FeatureWrapper)[pri:0, instance:api.runner.TestRunner@304bb45b]" started-at="2023-09-23T12:18:30 EDT" name="runScenario" description="Runs Cucumber Scenarios" data-provider="scenarios" finished-at="2023-09-23T12:18:35 EDT" duration-ms="5202" status="PASS">
          <params>
            <param index="0">
              <value>
                <![CDATA["Check if user able to retrieve a user with valid LMS API"]]>
              </value>
            </param>
            <param index="1">
              <value>
                <![CDATA["CRUD project for Users Module"]]>
              </value>
            </param>
          </params>
          <reporter-output>
          </reporter-output>
        </test-method> <!-- runScenario -->
        <test-method signature="runScenario(io.cucumber.testng.PickleWrapper,io.cucumber.testng.FeatureWrapper)[pri:0, instance:api.runner.TestRunner@304bb45b]" started-at="2023-09-23T12:18:35 EDT" name="runScenario" description="Runs Cucumber Scenarios" data-provider="scenarios" finished-at="2023-09-23T12:18:40 EDT" duration-ms="5198" status="PASS">
          <params>
            <param index="0">
              <value>
                <![CDATA["Check if user able to retrieve a user with valid LMS API"]]>
              </value>
            </param>
            <param index="1">
              <value>
                <![CDATA["CRUD project for Users Module"]]>
              </value>
            </param>
          </params>
          <reporter-output>
          </reporter-output>
        </test-method> <!-- runScenario -->
        <test-method signature="runScenario(io.cucumber.testng.PickleWrapper,io.cucumber.testng.FeatureWrapper)[pri:0, instance:api.runner.TestRunner@304bb45b]" started-at="2023-09-23T12:18:40 EDT" name="runScenario" description="Runs Cucumber Scenarios" data-provider="scenarios" finished-at="2023-09-23T12:18:40 EDT" duration-ms="30" status="FAIL">
          <params>
            <param index="0">
              <value>
                <![CDATA["Check if user able to update a user with valid User ID and request body"]]>
              </value>
            </param>
            <param index="1">
              <value>
                <![CDATA["CRUD project for Users Module"]]>
              </value>
            </param>
          </params>
          <exception class="java.io.FileNotFoundException">
            <message>
              <![CDATA[Update_users.json (The system cannot find the file specified)]]>
            </message>
            <full-stacktrace>
              <![CDATA[java.io.FileNotFoundException: Update_users.json (The system cannot find the file specified)
at java.base/java.io.FileInputStream.open0(Native Method)
at java.base/java.io.FileInputStream.open(FileInputStream.java:216)
at java.base/java.io.FileInputStream.<init>(FileInputStream.java:157)
at java.base/java.io.FileReader.<init>(FileReader.java:75)
at api.stepdefinitions.Users_Stepdefinition.user_sends_https_request_and_request_body_with_mandatory_and_additional_fields(Users_Stepdefinition.java:267)
at ✽.User sends HTTPS Request and  request Body with mandatory and additional  fields User(file:///C:/Users/kodai/eclipse-workspace/RestAssured_Project/src/test/resources/features/3_User.feature:66)
]]>
            </full-stacktrace>
          </exception> <!-- java.io.FileNotFoundException -->
          <reporter-output>
          </reporter-output>
        </test-method> <!-- runScenario -->
        <test-method signature="runScenario(io.cucumber.testng.PickleWrapper,io.cucumber.testng.FeatureWrapper)[pri:0, instance:api.runner.TestRunner@304bb45b]" started-at="2023-09-23T12:18:40 EDT" name="runScenario" description="Runs Cucumber Scenarios" data-provider="scenarios" finished-at="2023-09-23T12:18:40 EDT" duration-ms="26" status="FAIL">
          <params>
            <param index="0">
              <value>
                <![CDATA["Check if user able to update a user with invalid User Id and request body"]]>
              </value>
            </param>
            <param index="1">
              <value>
                <![CDATA["CRUD project for Users Module"]]>
              </value>
            </param>
          </params>
          <exception class="java.io.FileNotFoundException">
            <message>
              <![CDATA[Update_users.json (The system cannot find the file specified)]]>
            </message>
            <full-stacktrace>
              <![CDATA[java.io.FileNotFoundException: Update_users.json (The system cannot find the file specified)
at java.base/java.io.FileInputStream.open0(Native Method)
at java.base/java.io.FileInputStream.open(FileInputStream.java:216)
at java.base/java.io.FileInputStream.<init>(FileInputStream.java:157)
at java.base/java.io.FileReader.<init>(FileReader.java:75)
at api.stepdefinitions.Users_Stepdefinition.user_sends_https_request_and_request_body_with_mandatory_fields(Users_Stepdefinition.java:293)
at ✽.User sends HTTPS Request and  request Body with mandatory fields User(file:///C:/Users/kodai/eclipse-workspace/RestAssured_Project/src/test/resources/features/3_User.feature:73)
]]>
            </full-stacktrace>
          </exception> <!-- java.io.FileNotFoundException -->
          <reporter-output>
          </reporter-output>
        </test-method> <!-- runScenario -->
        <test-method signature="runScenario(io.cucumber.testng.PickleWrapper,io.cucumber.testng.FeatureWrapper)[pri:0, instance:api.runner.TestRunner@304bb45b]" started-at="2023-09-23T12:18:40 EDT" name="runScenario" description="Runs Cucumber Scenarios" data-provider="scenarios" finished-at="2023-09-23T12:18:40 EDT" duration-ms="36" status="FAIL">
          <params>
            <param index="0">
              <value>
                <![CDATA["Check if user able to update a user with valid User ID and missing mandatory fields request body"]]>
              </value>
            </param>
            <param index="1">
              <value>
                <![CDATA["CRUD project for Users Module"]]>
              </value>
            </param>
          </params>
          <exception class="java.io.FileNotFoundException">
            <message>
              <![CDATA[update_InvalidUsers.json (The system cannot find the file specified)]]>
            </message>
            <full-stacktrace>
              <![CDATA[java.io.FileNotFoundException: update_InvalidUsers.json (The system cannot find the file specified)
at java.base/java.io.FileInputStream.open0(Native Method)
at java.base/java.io.FileInputStream.open(FileInputStream.java:216)
at java.base/java.io.FileInputStream.<init>(FileInputStream.java:157)
at java.base/java.io.FileReader.<init>(FileReader.java:75)
at api.stepdefinitions.Users_Stepdefinition.user_sends_https_request_and_request_body_missing_mandatory_fields(Users_Stepdefinition.java:321)
at ✽.User sends HTTPS Request  and request Body  (missing mandatory fields) User(file:///C:/Users/kodai/eclipse-workspace/RestAssured_Project/src/test/resources/features/3_User.feature:80)
]]>
            </full-stacktrace>
          </exception> <!-- java.io.FileNotFoundException -->
          <reporter-output>
          </reporter-output>
        </test-method> <!-- runScenario -->
        <test-method signature="runScenario(io.cucumber.testng.PickleWrapper,io.cucumber.testng.FeatureWrapper)[pri:0, instance:api.runner.TestRunner@304bb45b]" started-at="2023-09-23T12:18:40 EDT" name="runScenario" description="Runs Cucumber Scenarios" data-provider="scenarios" finished-at="2023-09-23T12:18:40 EDT" duration-ms="43" status="FAIL">
          <params>
            <param index="0">
[...]
          <params>
            <param index="0">
              <value>
                <![CDATA["Check if user able to retrieve a grades with valid  batch ID Check for Assignment Submit Module"]]>
              </value>
            </param>
            <param index="1">
              <value>
                <![CDATA["CURD Operations for Assignment Submit Module"]]>
              </value>
            </param>
          </params>
          <exception class="java.lang.AssertionError">
            <message>
              <![CDATA[expected [200] but found [503]]]>
            </message>
            <full-stacktrace>
              <![CDATA[java.lang.AssertionError: expected [200] but found [503]
at org.testng.Assert.fail(Assert.java:110)
at org.testng.Assert.failNotEquals(Assert.java:1577)
at org.testng.Assert.assertEqualsImpl(Assert.java:149)
at org.testng.Assert.assertEquals(Assert.java:131)
at org.testng.Assert.assertEquals(Assert.java:1418)
at org.testng.Assert.assertEquals(Assert.java:1382)
at org.testng.Assert.assertEquals(Assert.java:1428)
at api.stepdefinitions.Assignment_Submit_Stepdefinition.user_receives_ok_status_with_response_body_for_assignment_submit_module(Assignment_Submit_Stepdefinition.java:114)
at ✽.User receives 200 OK Status with response body for Assignment Submit Module.(file:///C:/Users/kodai/eclipse-workspace/RestAssured_Project/src/test/resources/features/5_Submission.feature:82)
]]>
            </full-stacktrace>
          </exception> <!-- java.lang.AssertionError -->
          <reporter-output>
          </reporter-output>
        </test-method> <!-- runScenario -->
        <test-method signature="runScenario(io.cucumber.testng.PickleWrapper,io.cucumber.testng.FeatureWrapper)[pri:0, instance:api.runner.TestRunner@304bb45b]" started-at="2023-09-23T12:20:36 EDT" name="runScenario" description="Runs Cucumber Scenarios" data-provider="scenarios" finished-at="2023-09-23T12:20:41 EDT" duration-ms="5215" status="FAIL">
          <params>
            <param index="0">
              <value>
                <![CDATA["Check if user able to retrieve a submission with invalid Batch Id for Assignment Submit Module"]]>
              </value>
            </param>
            <param index="1">
              <value>
                <![CDATA["CURD Operations for Assignment Submit Module"]]>
              </value>
            </param>
          </params>
          <exception class="java.lang.AssertionError">
            <message>
              <![CDATA[expected [404] but found [503]]]>
            </message>
            <full-stacktrace>
              <![CDATA[java.lang.AssertionError: expected [404] but found [503]
at org.testng.Assert.fail(Assert.java:110)
at org.testng.Assert.failNotEquals(Assert.java:1577)
at org.testng.Assert.assertEqualsImpl(Assert.java:149)
at org.testng.Assert.assertEquals(Assert.java:131)
at org.testng.Assert.assertEquals(Assert.java:1418)
at org.testng.Assert.assertEquals(Assert.java:1382)
at org.testng.Assert.assertEquals(Assert.java:1428)
at api.stepdefinitions.Assignment_Submit_Stepdefinition.user_receives_not_found_status_with_message_and_boolean_success_details_for_submission_invalid_assignment_submit_module(Assignment_Submit_Stepdefinition.java:294)
at ✽.User receives 404 Not Found Status with message and boolean success details for submission invalid Assignment Submit Module.(file:///C:/Users/kodai/eclipse-workspace/RestAssured_Project/src/test/resources/features/5_Submission.feature:88)
]]>
            </full-stacktrace>
          </exception> <!-- java.lang.AssertionError -->
          <reporter-output>
          </reporter-output>
        </test-method> <!-- runScenario -->
        <test-method signature="runScenario(io.cucumber.testng.PickleWrapper,io.cucumber.testng.FeatureWrapper)[pri:0, instance:api.runner.TestRunner@304bb45b]" started-at="2023-09-23T12:20:41 EDT" name="runScenario" description="Runs Cucumber Scenarios" data-provider="scenarios" finished-at="2023-09-23T12:20:47 EDT" duration-ms="5196" status="FAIL">
          <params>
            <param index="0">
              <value>
                <![CDATA["Check if user able to retrieve a submission with valid batch ID for Assignment Submit Module"]]>
              </value>
            </param>
            <param index="1">
              <value>
                <![CDATA["CURD Operations for Assignment Submit Module"]]>
              </value>
            </param>
          </params>
          <exception class="java.lang.AssertionError">
            <message>
              <![CDATA[expected [200] but found [503]]]>
            </message>
            <full-stacktrace>
              <![CDATA[java.lang.AssertionError: expected [200] but found [503]
at org.testng.Assert.fail(Assert.java:110)
at org.testng.Assert.failNotEquals(Assert.java:1577)
at org.testng.Assert.assertEqualsImpl(Assert.java:149)
at org.testng.Assert.assertEquals(Assert.java:131)
at org.testng.Assert.assertEquals(Assert.java:1418)
at org.testng.Assert.assertEquals(Assert.java:1382)
at org.testng.Assert.assertEquals(Assert.java:1428)
at api.stepdefinitions.Assignment_Submit_Stepdefinition.user_receives_ok_status_with_response_body_for_assignment_submit_module(Assignment_Submit_Stepdefinition.java:114)
at ✽.User receives 200 OK Status with response body for Assignment Submit Module.(file:///C:/Users/kodai/eclipse-workspace/RestAssured_Project/src/test/resources/features/5_Submission.feature:94)
]]>
            </full-stacktrace>
          </exception> <!-- java.lang.AssertionError -->
          <reporter-output>
          </reporter-output>
        </test-method> <!-- runScenario -->
        <test-method signature="runScenario(io.cucumber.testng.PickleWrapper,io.cucumber.testng.FeatureWrapper)[pri:0, instance:api.runner.TestRunner@304bb45b]" started-at="2023-09-23T12:20:47 EDT" name="runScenario" description="Runs Cucumber Scenarios" data-provider="scenarios" finished-at="2023-09-23T12:20:52 EDT" duration-ms="5224" status="PASS">
          <params>
            <param index="0">
              <value>
                <![CDATA["Check if user able to update a submission with invalid submission ID and mandatory request body"]]>
              </value>
            </param>
            <param index="1">
              <value>
                <![CDATA["CURD Operations for Assignment Submit Module"]]>
              </value>
            </param>
          </params>
          <reporter-output>
          </reporter-output>
        </test-method> <!-- runScenario -->
        <test-method signature="runScenario(io.cucumber.testng.PickleWrapper,io.cucumber.testng.FeatureWrapper)[pri:0, instance:api.runner.TestRunner@304bb45b]" started-at="2023-09-23T12:20:52 EDT" name="runScenario" description="Runs Cucumber Scenarios" data-provider="scenarios" finished-at="2023-09-23T12:20:57 EDT" duration-ms="5212" status="FAIL">
          <params>
            <param index="0">
              <value>
                <![CDATA["Check if user able to update a submission with invalid submission ID and mandatory request body"]]>
              </value>
            </param>
            <param index="1">
              <value>
                <![CDATA["CURD Operations for Assignment Submit Module"]]>
              </value>
            </param>
          </params>
          <exception class="java.lang.AssertionError">
            <message>
              <![CDATA[expected [400] but found [503]]]>
            </message>
            <full-stacktrace>
              <![CDATA[java.lang.AssertionError: expected [400] but found [503]
at org.testng.Assert.fail(Assert.java:110)
at org.testng.Assert.failNotEquals(Assert.java:1577)
at org.testng.Assert.assertEqualsImpl(Assert.java:149)
at org.testng.Assert.assertEquals(Assert.java:131)
at org.testng.Assert.assertEquals(Assert.java:1418)
at org.testng.Assert.assertEquals(Assert.java:1382)
at org.testng.Assert.assertEquals(Assert.java:1428)
at api.stepdefinitions.Assignment_Submit_Stepdefinition.user_receives_bad_request_status_with_message_and_boolean_success_details(Assignment_Submit_Stepdefinition.java:330)
at ✽.User receives 400 Bad Request Status with message and boolean success details Submit(file:///C:/Users/kodai/eclipse-workspace/RestAssured_Project/src/test/resources/features/5_Submission.feature:106)
]]>
            </full-stacktrace>
          </exception> <!-- java.lang.AssertionError -->
          <reporter-output>
          </reporter-output>
        </test-method> <!-- runScenario -->
        <test-method signature="runScenario(io.cucumber.testng.PickleWrapper,io.cucumber.testng.FeatureWrapper)[pri:0, instance:api.runner.TestRunner@304bb45b]" started-at="2023-09-23T12:20:57 EDT" name="runScenario" description="Runs Cucumber Scenarios" data-provider="scenarios" finished-at="2023-09-23T12:21:02 EDT" duration-ms="5212" status="FAIL">
          <params>
            <param index="0">
              <value>
                <![CDATA["Check if user able to update a submission with valid  submission ID and mandatory request body"]]>
              </value>
            </param>
            <param index="1">
              <value>
                <![CDATA["CURD Operations for Assignment Submit Module"]]>
              </value>
            </param>
          </params>
          <exception class="java.lang.AssertionError">
            <message>
              <![CDATA[expected [200] but found [503]]]>
            </message>
            <full-stacktrace>
              <![CDATA[java.lang.AssertionError: expected [200] but found [503]
at org.testng.Assert.fail(Assert.java:110)
at org.testng.Assert.failNotEquals(Assert.java:1577)
at org.testng.Assert.assertEqualsImpl(Assert.java:149)
at org.testng.Assert.assertEquals(Assert.java:131)
at org.testng.Assert.assertEquals(Assert.java:1418)
at org.testng.Assert.assertEquals(Assert.java:1382)
at org.testng.Assert.assertEquals(Assert.java:1428)
at api.stepdefinitions.Assignment_Submit_Stepdefinition.user_receives_ok_status_with_response_body_for_assignment_submit_module(Assignment_Submit_Stepdefinition.java:114)
at ✽.User receives 200 OK Status with response body for Assignment Submit Module.(file:///C:/Users/kodai/eclipse-workspace/RestAssured_Project/src/test/resources/features/5_Submission.feature:112)
]]>
            </full-stacktrace>
          </exception> <!-- java.lang.AssertionError -->
          <reporter-output>
          </reporter-output>
        </test-method> <!-- runScenario -->
        <test-method signature="runScenario(io.cucumber.testng.PickleWrapper,io.cucumber.testng.FeatureWrapper)[pri:0, instance:api.runner.TestRunner@304bb45b]" started-at="2023-09-23T12:21:02 EDT" name="runScenario" description="Runs Cucumber Scenarios" data-provider="scenarios" finished-at="2023-09-23T12:21:02 EDT" duration-ms="43" status="PASS">
          <params>
            <param index="0">
              <value>
                <![CDATA["Check if user able to  grade assignment with invalid submission  Id and mandatory request body"]]>
              </value>
            </param>
            <param index="1">
              <value>
                <![CDATA["CURD Operations for Assignment Submit Module"]]>
              </value>
            </param>
          </params>
          <reporter-output>
          </reporter-output>
        </test-method> <!-- runScenario -->
        <test-method signature="runScenario(io.cucumber.testng.PickleWrapper,io.cucumber.testng.FeatureWrapper)[pri:0, instance:api.runner.TestRunner@304bb45b]" started-at="2023-09-23T12:21:02 EDT" name="runScenario" description="Runs Cucumber Scenarios" data-provider="scenarios" finished-at="2023-09-23T12:21:07 EDT" duration-ms="5210" status="FAIL">
          <params>
            <param index="0">
              <value>
                <![CDATA["Check if user able to  grade assignment with valid submission  Id and missing mandatory request body"]]>
              </value>
            </param>
            <param index="1">
              <value>
                <![CDATA["CURD Operations for Assignment Submit Module"]]>
              </value>
            </param>
          </params>
          <exception class="java.lang.AssertionError">
            <message>
              <![CDATA[expected [400] but found [503]]]>
            </message>
            <full-stacktrace>
              <![CDATA[java.lang.AssertionError: expected [400] but found [503]
at org.testng.Assert.fail(Assert.java:110)
at org.testng.Assert.failNotEquals(Assert.java:1577)
at org.testng.Assert.assertEqualsImpl(Assert.java:149)
at org.testng.Assert.assertEquals(Assert.java:131)
at org.testng.Assert.assertEquals(Assert.java:1418)
at org.testng.Assert.assertEquals(Assert.java:1382)
at org.testng.Assert.assertEquals(Assert.java:1428)
at api.stepdefinitions.Assignment_Submit_Stepdefinition.user_receives_bad_request_status_with_message_and_boolean_success_details(Assignment_Submit_Stepdefinition.java:330)
at ✽.User receives 400 Bad Request Status with message and boolean success details Submit(file:///C:/Users/kodai/eclipse-workspace/RestAssured_Project/src/test/resources/features/5_Submission.feature:124)
]]>
            </full-stacktrace>
          </exception> <!-- java.lang.AssertionError -->
          <reporter-output>
          </reporter-output>
        </test-method> <!-- runScenario -->
        <test-method signature="runScenario(io.cucumber.testng.PickleWrapper,io.cucumber.testng.FeatureWrapper)[pri:0, instance:api.runner.TestRunner@304bb45b]" started-at="2023-09-23T12:21:07 EDT" name="runScenario" description="Runs Cucumber Scenarios" data-provider="scenarios" finished-at="2023-09-23T12:21:08 EDT" duration-ms="32" status="PASS">
          <params>
            <param index="0">
              <value>
                <![CDATA["Check if user able to  grade assignment with valid submission  Id and mandatory request body"]]>
              </value>
            </param>
            <param index="1">
              <value>
                <![CDATA["CURD Operations for Assignment Submit Module"]]>
              </value>
            </param>
          </params>
          <reporter-output>
          </reporter-output>
        </test-method> <!-- runScenario -->
        <test-method signature="runScenario(io.cucumber.testng.PickleWrapper,io.cucumber.testng.FeatureWrapper)[pri:0, instance:api.runner.TestRunner@304bb45b]" started-at="2023-09-23T12:21:08 EDT" name="runScenario" description="Runs Cucumber Scenarios" data-provider="scenarios" finished-at="2023-09-23T12:21:13 EDT" duration-ms="5195" status="FAIL">
          <params>
            <param index="0">
              <value>
                <![CDATA["Check if user able to delete a submission with valid LMS API,invalid Submission Id for Assignment Submit module"]]>
              </value>
            </param>
            <param index="1">
              <value>
                <![CDATA["CURD Operations for Assignment Submit Module"]]>
              </value>
            </param>
          </params>
          <exception class="java.lang.AssertionError">
            <message>
              <![CDATA[expected [404] but found [503]]]>
            </message>
            <full-stacktrace>
              <![CDATA[java.lang.AssertionError: expected [404] but found [503]
at org.testng.Assert.fail(Assert.java:110)
at org.testng.Assert.failNotEquals(Assert.java:1577)
at org.testng.Assert.assertEqualsImpl(Assert.java:149)
at org.testng.Assert.assertEquals(Assert.java:131)
at org.testng.Assert.assertEquals(Assert.java:1418)
at org.testng.Assert.assertEquals(Assert.java:1382)
at org.testng.Assert.assertEquals(Assert.java:1428)
at api.stepdefinitions.Assignment_Submit_Stepdefinition.user_receives_not_found_status_with_message_and_boolean_success_details_for_assignment_submit_module(Assignment_Submit_Stepdefinition.java:133)
at ✽.User receives 404 Not Found Status with message and boolean success details for Assignment Submit Module.(file:///C:/Users/kodai/eclipse-workspace/RestAssured_Project/src/test/resources/features/5_Submission.feature:136)
]]>
            </full-stacktrace>
          </exception> <!-- java.lang.AssertionError -->
          <reporter-output>
          </reporter-output>
        </test-method> <!-- runScenario -->
        <test-method signature="runScenario(io.cucumber.testng.PickleWrapper,io.cucumber.testng.FeatureWrapper)[pri:0, instance:api.runner.TestRunner@304bb45b]" started-at="2023-09-23T12:21:13 EDT" name="runScenario" description="Runs Cucumber Scenarios" data-provider="scenarios" finished-at="2023-09-23T12:21:13 EDT" duration-ms="42" status="FAIL">
          <params>
            <param index="0">
              <value>
                <![CDATA["Check if user able to delete a submission with valid submission Id for Assignment Submit Module"]]>
              </value>
            </param>
            <param index="1">
              <value>
                <![CDATA["CURD Operations for Assignment Submit Module"]]>
              </value>
            </param>
          </params>
          <exception class="java.lang.IllegalArgumentException">
            <message>
              <![CDATA[parameterValue cannot be null]]>
            </message>
            <full-stacktrace>
              <![CDATA[java.lang.IllegalArgumentException: parameterValue cannot be null
at java.base/jdk.internal.reflect.NativeConstructorAccessorImpl.newInstance0(Native Method)
at java.base/jdk.internal.reflect.NativeConstructorAccessorImpl.newInstance(NativeConstructorAccessorImpl.java:77)
at java.base/jdk.internal.reflect.DelegatingConstructorAccessorImpl.newInstance(DelegatingConstructorAccessorImpl.java:45)
at java.base/java.lang.reflect.Constructor.newInstanceWithCaller(Constructor.java:499)
at java.base/java.lang.reflect.Constructor.newInstance(Constructor.java:480)
at org.codehaus.groovy.reflection.CachedConstructor.invoke(CachedConstructor.java:73)
at org.codehaus.groovy.reflection.CachedConstructor.doConstructorInvoke(CachedConstructor.java:60)
at org.codehaus.groovy.runtime.callsite.ConstructorSite$ConstructorSiteNoUnwrap.callConstructor(ConstructorSite.java:86)
at org.codehaus.groovy.runtime.callsite.AbstractCallSite.callConstructor(AbstractCallSite.java:277)
at io.restassured.internal.common.assertion.AssertParameter.notNull(AssertParameter.groovy:26)
at io.restassured.internal.common.assertion.AssertParameter$notNull.callStatic(Unknown Source)
at org.codehaus.groovy.runtime.callsite.CallSiteArray.defaultCallStatic(CallSiteArray.java:53)
at io.restassured.internal.common.assertion.AssertParameter$notNull.callStatic(Unknown Source)
at io.restassured.internal.RequestSpecificationImpl.pathParam(RequestSpecificationImpl.groovy:515)
at api.stepdefinitions.Assignment_Submit_Stepdefinition.user_sends_https_request_with_valid_submission_id(Assignment_Submit_Stepdefinition.java:160)
at ✽.User sends HTTPS Request with valid submissionID(file:///C:/Users/kodai/eclipse-workspace/RestAssured_Project/src/test/resources/features/5_Submission.feature:141)
]]>
            </full-stacktrace>
          </exception> <!-- java.lang.IllegalArgumentException -->
          <reporter-output>
          </reporter-output>
        </test-method> <!-- runScenario -->
        <test-method is-config="true" signature="tearDownClass()[pri:0, instance:api.runner.TestRunner@304bb45b]" started-at="2023-09-23T12:21:13 EDT" name="tearDownClass" finished-at="2023-09-23T12:21:20 EDT" duration-ms="6889" status="PASS">
          <reporter-output>
          </reporter-output>
        </test-method> <!-- tearDownClass -->
      </class> <!-- api.runner.TestRunner -->
    </test> <!-- Default test -->
  </suite> <!-- Default suite -->
</testng-results>
