<?xml version="1.0" encoding="UTF-8"?>
<!-- Generated by org.testng.reporters.JUnitReportReporter -->
<testsuite hostname="NagalakshmiSDET110" failures="0" tests="1" name="api.runner.Runner" time="0.583" errors="1" timestamp="2023-08-22T11:44:37 EDT" skipped="0">
  <testcase classname="api.runner.Runner" name="runScenario" time="0.583">
    <error message="C:\Users\kodai\eclipse-workspace\RestAssured_ReProject\TestData\ProgramModule.xlsx (The system cannot find the path specified)" type="java.io.FileNotFoundException">
      <![CDATA[java.io.FileNotFoundException: C:\Users\kodai\eclipse-workspace\RestAssured_ReProject\TestData\ProgramModule.xlsx (The system cannot find the path specified)
at java.base/java.io.FileInputStream.open0(Native Method)
at java.base/java.io.FileInputStream.open(FileInputStream.java:216)
at java.base/java.io.FileInputStream.<init>(FileInputStream.java:157)
at java.base/java.io.FileInputStream.<init>(FileInputStream.java:111)
at api.Utilities.XLUtilities.getRowCount(XLUtilities.java:58)
at api.Stepdefinitions.Program_Module_Step.getAllData(Program_Module_Step.java:44)
at api.Stepdefinitions.Program_Module_Step.user_sends_https_request_and_request_body_from_excelsheet_and(Program_Module_Step.java:71)
at ✽.User sends HTTPS Request and  request Body from excelsheet "ProgramModule" and 1(file:///C:/Users/kodai/eclipse-workspace/RestAssured_ReProject/src/test/resources/Features/Program_Module.feature:6)
]]>
    </error>
  </testcase> <!-- runScenario -->
  <system-out/>
</testsuite> <!-- api.runner.Runner -->
